2017-11-05 00:56:19.267 [main] INFO  o.s.b.t.context.SpringBootTestContextBootstrapper - Neither @ContextConfiguration nor @ContextHierarchy found for test class [com.zhancl.ProductServiceTest], using SpringBootContextLoader
2017-11-05 00:56:19.287 [main] INFO  o.s.test.context.support.AbstractContextLoader - Could not detect default resource locations for test class [com.zhancl.ProductServiceTest]: no resource found for suffixes {-context.xml, Context.groovy}.
2017-11-05 00:56:19.289 [main] INFO  o.s.t.c.support.AnnotationConfigContextLoaderUtils - Could not detect default configuration classes for test class [com.zhancl.ProductServiceTest]: ProductServiceTest does not declare any static, non-private, non-final, nested classes annotated with @Configuration.
2017-11-05 00:56:19.755 [main] INFO  o.s.b.t.context.SpringBootTestContextBootstrapper - Found @SpringBootConfiguration com.zhancl.ProductWebApplication for test class com.zhancl.ProductServiceTest
2017-11-05 00:56:19.761 [main] INFO  o.s.b.t.context.SpringBootTestContextBootstrapper - Loaded default TestExecutionListener class names from location [META-INF/spring.factories]: [org.springframework.boot.test.mock.mockito.MockitoTestExecutionListener, org.springframework.boot.test.mock.mockito.ResetMocksTestExecutionListener, org.springframework.boot.test.autoconfigure.restdocs.RestDocsTestExecutionListener, org.springframework.boot.test.autoconfigure.web.client.MockRestServiceServerResetTestExecutionListener, org.springframework.boot.test.autoconfigure.web.servlet.MockMvcPrintOnlyOnFailureTestExecutionListener, org.springframework.boot.test.autoconfigure.web.servlet.WebDriverTestExecutionListener, org.springframework.test.context.web.ServletTestExecutionListener, org.springframework.test.context.support.DirtiesContextBeforeModesTestExecutionListener, org.springframework.test.context.support.DependencyInjectionTestExecutionListener, org.springframework.test.context.support.DirtiesContextTestExecutionListener, org.springframework.test.context.transaction.TransactionalTestExecutionListener, org.springframework.test.context.jdbc.SqlScriptsTestExecutionListener]
2017-11-05 00:56:19.781 [main] INFO  o.s.b.t.context.SpringBootTestContextBootstrapper - Using TestExecutionListeners: [org.springframework.test.context.web.ServletTestExecutionListener@65466a6a, org.springframework.test.context.support.DirtiesContextBeforeModesTestExecutionListener@4ddced80, org.springframework.boot.test.autoconfigure.SpringBootDependencyInjectionTestExecutionListener@1534f01b, org.springframework.test.context.support.DirtiesContextTestExecutionListener@78e117e3, org.springframework.test.context.transaction.TransactionalTestExecutionListener@2ea227af, org.springframework.test.context.jdbc.SqlScriptsTestExecutionListener@4386f16, org.springframework.boot.test.mock.mockito.MockitoTestExecutionListener@363ee3a2, org.springframework.boot.test.autoconfigure.restdocs.RestDocsTestExecutionListener@4690b489, org.springframework.boot.test.mock.mockito.ResetMocksTestExecutionListener@79b06cab, org.springframework.boot.test.autoconfigure.web.servlet.WebDriverTestExecutionListener@3eb7fc54, org.springframework.boot.test.autoconfigure.web.client.MockRestServiceServerResetTestExecutionListener@7f552bd3, org.springframework.boot.test.autoconfigure.web.servlet.MockMvcPrintOnlyOnFailureTestExecutionListener@3c22fc4c]
2017-11-05 00:56:20.339 [main] INFO  com.zhancl.ProductServiceTest - Starting ProductServiceTest on PC201608131524 with PID 6648 (started by Administrator in D:\workspace\product\product-web)
2017-11-05 00:56:20.339 [main] INFO  com.zhancl.ProductServiceTest - No active profile set, falling back to default profiles: default
2017-11-05 00:56:20.539 [main] INFO  o.s.w.context.support.GenericWebApplicationContext - Refreshing org.springframework.web.context.support.GenericWebApplicationContext@6404f418: startup date [Sun Nov 05 00:56:20 CST 2017]; root of context hierarchy
2017-11-05 00:56:20.797 [background-preinit] INFO  org.hibernate.validator.internal.util.Version - HV000001: Hibernate Validator 5.3.5.Final
2017-11-05 00:56:21.247 [main] INFO  o.s.d.r.config.RepositoryConfigurationDelegate - Multiple Spring Data modules found, entering strict repository configuration mode!
2017-11-05 00:56:21.290 [main] INFO  o.s.d.r.config.RepositoryConfigurationDelegate - Multiple Spring Data modules found, entering strict repository configuration mode!
2017-11-05 00:56:21.308 [main] INFO  o.s.d.r.c.RepositoryConfigurationExtensionSupport - Spring Data Redis - Could not safely identify store assignment for repository candidate interface com.zhancl.dao.ProductRepository.
2017-11-05 00:56:21.309 [main] INFO  o.s.d.r.c.RepositoryConfigurationExtensionSupport - Spring Data Redis - Could not safely identify store assignment for repository candidate interface com.zhancl.dao.TestRepository.
2017-11-05 00:56:22.480 [main] INFO  o.s.orm.jpa.LocalContainerEntityManagerFactoryBean - Building JPA container EntityManagerFactory for persistence unit 'default'
2017-11-05 00:56:22.496 [main] INFO  org.hibernate.jpa.internal.util.LogHelper - HHH000204: Processing PersistenceUnitInfo [
	name: default
	...]
2017-11-05 00:56:22.583 [main] INFO  org.hibernate.Version - HHH000412: Hibernate Core {5.0.12.Final}
2017-11-05 00:56:22.584 [main] INFO  org.hibernate.cfg.Environment - HHH000206: hibernate.properties not found
2017-11-05 00:56:22.586 [main] INFO  org.hibernate.cfg.Environment - HHH000021: Bytecode provider name : javassist
2017-11-05 00:56:22.632 [main] INFO  org.hibernate.annotations.common.Version - HCANN000001: Hibernate Commons Annotations {5.0.1.Final}
2017-11-05 00:56:22.822 [main] INFO  org.hibernate.dialect.Dialect - HHH000400: Using dialect: org.hibernate.dialect.MySQL5Dialect
2017-11-05 00:56:23.275 [main] INFO  org.hibernate.tool.hbm2ddl.SchemaUpdate - HHH000228: Running hbm2ddl schema update
2017-11-05 00:56:23.343 [main] INFO  o.s.orm.jpa.LocalContainerEntityManagerFactoryBean - Initialized JPA EntityManagerFactory for persistence unit 'default'
2017-11-05 00:56:24.145 [main] INFO  o.s.w.s.m.m.a.RequestMappingHandlerAdapter - Looking for @ControllerAdvice: org.springframework.web.context.support.GenericWebApplicationContext@6404f418: startup date [Sun Nov 05 00:56:20 CST 2017]; root of context hierarchy
2017-11-05 00:56:24.222 [main] INFO  o.s.w.s.m.m.a.RequestMappingHandlerMapping - Mapped "{[/hello]}" onto public java.lang.String com.zhancl.controller.IndexController.hello()
2017-11-05 00:56:24.224 [main] INFO  o.s.w.s.m.m.a.RequestMappingHandlerMapping - Mapped "{[/error]}" onto public org.springframework.http.ResponseEntity<java.util.Map<java.lang.String, java.lang.Object>> org.springframework.boot.autoconfigure.web.BasicErrorController.error(javax.servlet.http.HttpServletRequest)
2017-11-05 00:56:24.225 [main] INFO  o.s.w.s.m.m.a.RequestMappingHandlerMapping - Mapped "{[/error],produces=[text/html]}" onto public org.springframework.web.servlet.ModelAndView org.springframework.boot.autoconfigure.web.BasicErrorController.errorHtml(javax.servlet.http.HttpServletRequest,javax.servlet.http.HttpServletResponse)
2017-11-05 00:56:24.253 [main] INFO  o.s.web.servlet.handler.SimpleUrlHandlerMapping - Mapped URL path [/webjars/**] onto handler of type [class org.springframework.web.servlet.resource.ResourceHttpRequestHandler]
2017-11-05 00:56:24.254 [main] INFO  o.s.web.servlet.handler.SimpleUrlHandlerMapping - Mapped URL path [/**] onto handler of type [class org.springframework.web.servlet.resource.ResourceHttpRequestHandler]
2017-11-05 00:56:24.291 [main] INFO  o.s.web.servlet.handler.SimpleUrlHandlerMapping - Mapped URL path [/**/favicon.ico] onto handler of type [class org.springframework.web.servlet.resource.ResourceHttpRequestHandler]
2017-11-05 00:56:24.322 [main] WARN  o.s.b.a.t.AbstractTemplateResolverConfiguration - Cannot find template location: classpath:/templates/ (please add some templates or check your Thymeleaf configuration)
2017-11-05 00:56:24.941 [main] INFO  o.s.context.support.DefaultLifecycleProcessor - Starting beans in phase 2147483647
2017-11-05 00:56:24.951 [main] INFO  com.zhancl.ProductServiceTest - Started ProductServiceTest in 4.933 seconds (JVM running for 6.604)
2017-11-05 00:56:25.003 [main] INFO  com.zhancl.ProductServiceTest - redis缓存开始：张三
2017-11-05 00:56:27.081 [Thread-5] INFO  o.s.w.context.support.GenericWebApplicationContext - Closing org.springframework.web.context.support.GenericWebApplicationContext@6404f418: startup date [Sun Nov 05 00:56:20 CST 2017]; root of context hierarchy
2017-11-05 00:56:27.085 [Thread-5] INFO  o.s.context.support.DefaultLifecycleProcessor - Stopping beans in phase 2147483647
2017-11-05 00:56:27.097 [Thread-5] INFO  o.s.orm.jpa.LocalContainerEntityManagerFactoryBean - Closing JPA EntityManagerFactory for persistence unit 'default'
2017-11-05 01:02:50.218 [main] INFO  o.s.b.t.context.SpringBootTestContextBootstrapper - Neither @ContextConfiguration nor @ContextHierarchy found for test class [com.zhancl.ProductServiceTest], using SpringBootContextLoader
2017-11-05 01:02:50.226 [main] INFO  o.s.test.context.support.AbstractContextLoader - Could not detect default resource locations for test class [com.zhancl.ProductServiceTest]: no resource found for suffixes {-context.xml, Context.groovy}.
2017-11-05 01:02:50.227 [main] INFO  o.s.t.c.support.AnnotationConfigContextLoaderUtils - Could not detect default configuration classes for test class [com.zhancl.ProductServiceTest]: ProductServiceTest does not declare any static, non-private, non-final, nested classes annotated with @Configuration.
2017-11-05 01:02:50.365 [main] INFO  o.s.b.t.context.SpringBootTestContextBootstrapper - Found @SpringBootConfiguration com.zhancl.ProductWebApplication for test class com.zhancl.ProductServiceTest
2017-11-05 01:02:50.372 [main] INFO  o.s.b.t.context.SpringBootTestContextBootstrapper - Loaded default TestExecutionListener class names from location [META-INF/spring.factories]: [org.springframework.boot.test.mock.mockito.MockitoTestExecutionListener, org.springframework.boot.test.mock.mockito.ResetMocksTestExecutionListener, org.springframework.boot.test.autoconfigure.restdocs.RestDocsTestExecutionListener, org.springframework.boot.test.autoconfigure.web.client.MockRestServiceServerResetTestExecutionListener, org.springframework.boot.test.autoconfigure.web.servlet.MockMvcPrintOnlyOnFailureTestExecutionListener, org.springframework.boot.test.autoconfigure.web.servlet.WebDriverTestExecutionListener, org.springframework.test.context.web.ServletTestExecutionListener, org.springframework.test.context.support.DirtiesContextBeforeModesTestExecutionListener, org.springframework.test.context.support.DependencyInjectionTestExecutionListener, org.springframework.test.context.support.DirtiesContextTestExecutionListener, org.springframework.test.context.transaction.TransactionalTestExecutionListener, org.springframework.test.context.jdbc.SqlScriptsTestExecutionListener]
2017-11-05 01:02:50.391 [main] INFO  o.s.b.t.context.SpringBootTestContextBootstrapper - Using TestExecutionListeners: [org.springframework.test.context.web.ServletTestExecutionListener@65466a6a, org.springframework.test.context.support.DirtiesContextBeforeModesTestExecutionListener@4ddced80, org.springframework.boot.test.autoconfigure.SpringBootDependencyInjectionTestExecutionListener@1534f01b, org.springframework.test.context.support.DirtiesContextTestExecutionListener@78e117e3, org.springframework.test.context.transaction.TransactionalTestExecutionListener@2ea227af, org.springframework.test.context.jdbc.SqlScriptsTestExecutionListener@4386f16, org.springframework.boot.test.mock.mockito.MockitoTestExecutionListener@363ee3a2, org.springframework.boot.test.autoconfigure.restdocs.RestDocsTestExecutionListener@4690b489, org.springframework.boot.test.mock.mockito.ResetMocksTestExecutionListener@79b06cab, org.springframework.boot.test.autoconfigure.web.servlet.WebDriverTestExecutionListener@3eb7fc54, org.springframework.boot.test.autoconfigure.web.client.MockRestServiceServerResetTestExecutionListener@7f552bd3, org.springframework.boot.test.autoconfigure.web.servlet.MockMvcPrintOnlyOnFailureTestExecutionListener@3c22fc4c]
2017-11-05 01:02:50.889 [main] INFO  com.zhancl.ProductServiceTest - Starting ProductServiceTest on PC201608131524 with PID 6072 (started by Administrator in D:\workspace\product\product-web)
2017-11-05 01:02:50.889 [main] INFO  com.zhancl.ProductServiceTest - No active profile set, falling back to default profiles: default
2017-11-05 01:02:51.371 [main] INFO  o.s.w.context.support.GenericWebApplicationContext - Refreshing org.springframework.web.context.support.GenericWebApplicationContext@6404f418: startup date [Sun Nov 05 01:02:51 CST 2017]; root of context hierarchy
2017-11-05 01:02:51.402 [background-preinit] INFO  org.hibernate.validator.internal.util.Version - HV000001: Hibernate Validator 5.3.5.Final
2017-11-05 01:02:52.043 [main] INFO  o.s.d.r.config.RepositoryConfigurationDelegate - Multiple Spring Data modules found, entering strict repository configuration mode!
2017-11-05 01:02:52.091 [main] INFO  o.s.d.r.config.RepositoryConfigurationDelegate - Multiple Spring Data modules found, entering strict repository configuration mode!
2017-11-05 01:02:52.109 [main] INFO  o.s.d.r.c.RepositoryConfigurationExtensionSupport - Spring Data Redis - Could not safely identify store assignment for repository candidate interface com.zhancl.dao.ProductRepository.
2017-11-05 01:02:52.110 [main] INFO  o.s.d.r.c.RepositoryConfigurationExtensionSupport - Spring Data Redis - Could not safely identify store assignment for repository candidate interface com.zhancl.dao.TestRepository.
2017-11-05 01:02:53.307 [main] INFO  o.s.orm.jpa.LocalContainerEntityManagerFactoryBean - Building JPA container EntityManagerFactory for persistence unit 'default'
2017-11-05 01:02:53.327 [main] INFO  org.hibernate.jpa.internal.util.LogHelper - HHH000204: Processing PersistenceUnitInfo [
	name: default
	...]
2017-11-05 01:02:53.412 [main] INFO  org.hibernate.Version - HHH000412: Hibernate Core {5.0.12.Final}
2017-11-05 01:02:53.414 [main] INFO  org.hibernate.cfg.Environment - HHH000206: hibernate.properties not found
2017-11-05 01:02:53.416 [main] INFO  org.hibernate.cfg.Environment - HHH000021: Bytecode provider name : javassist
2017-11-05 01:02:53.474 [main] INFO  org.hibernate.annotations.common.Version - HCANN000001: Hibernate Commons Annotations {5.0.1.Final}
2017-11-05 01:02:53.712 [main] INFO  org.hibernate.dialect.Dialect - HHH000400: Using dialect: org.hibernate.dialect.MySQL5Dialect
2017-11-05 01:02:54.174 [main] INFO  org.hibernate.tool.hbm2ddl.SchemaUpdate - HHH000228: Running hbm2ddl schema update
2017-11-05 01:02:54.251 [main] INFO  o.s.orm.jpa.LocalContainerEntityManagerFactoryBean - Initialized JPA EntityManagerFactory for persistence unit 'default'
2017-11-05 01:02:55.077 [main] INFO  o.s.w.s.m.m.a.RequestMappingHandlerAdapter - Looking for @ControllerAdvice: org.springframework.web.context.support.GenericWebApplicationContext@6404f418: startup date [Sun Nov 05 01:02:51 CST 2017]; root of context hierarchy
2017-11-05 01:02:55.158 [main] INFO  o.s.w.s.m.m.a.RequestMappingHandlerMapping - Mapped "{[/hello]}" onto public java.lang.String com.zhancl.controller.IndexController.hello()
2017-11-05 01:02:55.160 [main] INFO  o.s.w.s.m.m.a.RequestMappingHandlerMapping - Mapped "{[/error]}" onto public org.springframework.http.ResponseEntity<java.util.Map<java.lang.String, java.lang.Object>> org.springframework.boot.autoconfigure.web.BasicErrorController.error(javax.servlet.http.HttpServletRequest)
2017-11-05 01:02:55.161 [main] INFO  o.s.w.s.m.m.a.RequestMappingHandlerMapping - Mapped "{[/error],produces=[text/html]}" onto public org.springframework.web.servlet.ModelAndView org.springframework.boot.autoconfigure.web.BasicErrorController.errorHtml(javax.servlet.http.HttpServletRequest,javax.servlet.http.HttpServletResponse)
2017-11-05 01:02:55.192 [main] INFO  o.s.web.servlet.handler.SimpleUrlHandlerMapping - Mapped URL path [/webjars/**] onto handler of type [class org.springframework.web.servlet.resource.ResourceHttpRequestHandler]
2017-11-05 01:02:55.192 [main] INFO  o.s.web.servlet.handler.SimpleUrlHandlerMapping - Mapped URL path [/**] onto handler of type [class org.springframework.web.servlet.resource.ResourceHttpRequestHandler]
2017-11-05 01:02:55.230 [main] INFO  o.s.web.servlet.handler.SimpleUrlHandlerMapping - Mapped URL path [/**/favicon.ico] onto handler of type [class org.springframework.web.servlet.resource.ResourceHttpRequestHandler]
2017-11-05 01:02:55.264 [main] WARN  o.s.b.a.t.AbstractTemplateResolverConfiguration - Cannot find template location: classpath:/templates/ (please add some templates or check your Thymeleaf configuration)
2017-11-05 01:02:55.904 [main] INFO  o.s.context.support.DefaultLifecycleProcessor - Starting beans in phase 2147483647
2017-11-05 01:02:55.913 [main] INFO  com.zhancl.ProductServiceTest - Started ProductServiceTest in 5.4 seconds (JVM running for 6.274)
2017-11-05 01:02:55.964 [main] INFO  com.zhancl.ProductServiceTest - redis缓存开始：张三
2017-11-05 01:02:56.009 [Thread-5] INFO  o.s.w.context.support.GenericWebApplicationContext - Closing org.springframework.web.context.support.GenericWebApplicationContext@6404f418: startup date [Sun Nov 05 01:02:51 CST 2017]; root of context hierarchy
2017-11-05 01:02:56.011 [Thread-5] INFO  o.s.context.support.DefaultLifecycleProcessor - Stopping beans in phase 2147483647
2017-11-05 01:02:56.014 [Thread-5] INFO  o.s.orm.jpa.LocalContainerEntityManagerFactoryBean - Closing JPA EntityManagerFactory for persistence unit 'default'
2017-11-05 01:10:57.198 [main] INFO  o.s.b.t.context.SpringBootTestContextBootstrapper - Neither @ContextConfiguration nor @ContextHierarchy found for test class [com.zhancl.ProductServiceTest], using SpringBootContextLoader
2017-11-05 01:10:57.204 [main] INFO  o.s.test.context.support.AbstractContextLoader - Could not detect default resource locations for test class [com.zhancl.ProductServiceTest]: no resource found for suffixes {-context.xml, Context.groovy}.
2017-11-05 01:10:57.205 [main] INFO  o.s.t.c.support.AnnotationConfigContextLoaderUtils - Could not detect default configuration classes for test class [com.zhancl.ProductServiceTest]: ProductServiceTest does not declare any static, non-private, non-final, nested classes annotated with @Configuration.
2017-11-05 01:10:57.319 [main] INFO  o.s.b.t.context.SpringBootTestContextBootstrapper - Found @SpringBootConfiguration com.zhancl.ProductWebApplication for test class com.zhancl.ProductServiceTest
2017-11-05 01:10:57.326 [main] INFO  o.s.b.t.context.SpringBootTestContextBootstrapper - Loaded default TestExecutionListener class names from location [META-INF/spring.factories]: [org.springframework.boot.test.mock.mockito.MockitoTestExecutionListener, org.springframework.boot.test.mock.mockito.ResetMocksTestExecutionListener, org.springframework.boot.test.autoconfigure.restdocs.RestDocsTestExecutionListener, org.springframework.boot.test.autoconfigure.web.client.MockRestServiceServerResetTestExecutionListener, org.springframework.boot.test.autoconfigure.web.servlet.MockMvcPrintOnlyOnFailureTestExecutionListener, org.springframework.boot.test.autoconfigure.web.servlet.WebDriverTestExecutionListener, org.springframework.test.context.web.ServletTestExecutionListener, org.springframework.test.context.support.DirtiesContextBeforeModesTestExecutionListener, org.springframework.test.context.support.DependencyInjectionTestExecutionListener, org.springframework.test.context.support.DirtiesContextTestExecutionListener, org.springframework.test.context.transaction.TransactionalTestExecutionListener, org.springframework.test.context.jdbc.SqlScriptsTestExecutionListener]
2017-11-05 01:10:57.349 [main] INFO  o.s.b.t.context.SpringBootTestContextBootstrapper - Using TestExecutionListeners: [org.springframework.test.context.web.ServletTestExecutionListener@65466a6a, org.springframework.test.context.support.DirtiesContextBeforeModesTestExecutionListener@4ddced80, org.springframework.boot.test.autoconfigure.SpringBootDependencyInjectionTestExecutionListener@1534f01b, org.springframework.test.context.support.DirtiesContextTestExecutionListener@78e117e3, org.springframework.test.context.transaction.TransactionalTestExecutionListener@2ea227af, org.springframework.test.context.jdbc.SqlScriptsTestExecutionListener@4386f16, org.springframework.boot.test.mock.mockito.MockitoTestExecutionListener@363ee3a2, org.springframework.boot.test.autoconfigure.restdocs.RestDocsTestExecutionListener@4690b489, org.springframework.boot.test.mock.mockito.ResetMocksTestExecutionListener@79b06cab, org.springframework.boot.test.autoconfigure.web.servlet.WebDriverTestExecutionListener@3eb7fc54, org.springframework.boot.test.autoconfigure.web.client.MockRestServiceServerResetTestExecutionListener@7f552bd3, org.springframework.boot.test.autoconfigure.web.servlet.MockMvcPrintOnlyOnFailureTestExecutionListener@3c22fc4c]
2017-11-05 01:10:57.977 [main] INFO  com.zhancl.ProductServiceTest - Starting ProductServiceTest on PC201608131524 with PID 5216 (started by Administrator in D:\workspace\product\product-web)
2017-11-05 01:10:57.978 [main] INFO  com.zhancl.ProductServiceTest - No active profile set, falling back to default profiles: default
2017-11-05 01:10:58.287 [background-preinit] INFO  org.hibernate.validator.internal.util.Version - HV000001: Hibernate Validator 5.3.5.Final
2017-11-05 01:10:58.450 [main] INFO  o.s.w.context.support.GenericWebApplicationContext - Refreshing org.springframework.web.context.support.GenericWebApplicationContext@6404f418: startup date [Sun Nov 05 01:10:58 CST 2017]; root of context hierarchy
2017-11-05 01:10:59.084 [main] INFO  o.s.d.r.config.RepositoryConfigurationDelegate - Multiple Spring Data modules found, entering strict repository configuration mode!
2017-11-05 01:10:59.128 [main] INFO  o.s.d.r.config.RepositoryConfigurationDelegate - Multiple Spring Data modules found, entering strict repository configuration mode!
2017-11-05 01:10:59.144 [main] INFO  o.s.d.r.c.RepositoryConfigurationExtensionSupport - Spring Data Redis - Could not safely identify store assignment for repository candidate interface com.zhancl.dao.ProductRepository.
2017-11-05 01:10:59.144 [main] INFO  o.s.d.r.c.RepositoryConfigurationExtensionSupport - Spring Data Redis - Could not safely identify store assignment for repository candidate interface com.zhancl.dao.TestRepository.
2017-11-05 01:11:00.324 [main] INFO  o.s.orm.jpa.LocalContainerEntityManagerFactoryBean - Building JPA container EntityManagerFactory for persistence unit 'default'
2017-11-05 01:11:00.339 [main] INFO  org.hibernate.jpa.internal.util.LogHelper - HHH000204: Processing PersistenceUnitInfo [
	name: default
	...]
2017-11-05 01:11:00.411 [main] INFO  org.hibernate.Version - HHH000412: Hibernate Core {5.0.12.Final}
2017-11-05 01:11:00.412 [main] INFO  org.hibernate.cfg.Environment - HHH000206: hibernate.properties not found
2017-11-05 01:11:00.413 [main] INFO  org.hibernate.cfg.Environment - HHH000021: Bytecode provider name : javassist
2017-11-05 01:11:00.463 [main] INFO  org.hibernate.annotations.common.Version - HCANN000001: Hibernate Commons Annotations {5.0.1.Final}
2017-11-05 01:11:00.673 [main] INFO  org.hibernate.dialect.Dialect - HHH000400: Using dialect: org.hibernate.dialect.MySQL5Dialect
2017-11-05 01:11:01.119 [main] INFO  org.hibernate.tool.hbm2ddl.SchemaUpdate - HHH000228: Running hbm2ddl schema update
2017-11-05 01:11:01.192 [main] INFO  o.s.orm.jpa.LocalContainerEntityManagerFactoryBean - Initialized JPA EntityManagerFactory for persistence unit 'default'
2017-11-05 01:11:01.997 [main] INFO  o.s.w.s.m.m.a.RequestMappingHandlerAdapter - Looking for @ControllerAdvice: org.springframework.web.context.support.GenericWebApplicationContext@6404f418: startup date [Sun Nov 05 01:10:58 CST 2017]; root of context hierarchy
2017-11-05 01:11:02.078 [main] INFO  o.s.w.s.m.m.a.RequestMappingHandlerMapping - Mapped "{[/hello]}" onto public java.lang.String com.zhancl.controller.IndexController.hello()
2017-11-05 01:11:02.080 [main] INFO  o.s.w.s.m.m.a.RequestMappingHandlerMapping - Mapped "{[/error]}" onto public org.springframework.http.ResponseEntity<java.util.Map<java.lang.String, java.lang.Object>> org.springframework.boot.autoconfigure.web.BasicErrorController.error(javax.servlet.http.HttpServletRequest)
2017-11-05 01:11:02.081 [main] INFO  o.s.w.s.m.m.a.RequestMappingHandlerMapping - Mapped "{[/error],produces=[text/html]}" onto public org.springframework.web.servlet.ModelAndView org.springframework.boot.autoconfigure.web.BasicErrorController.errorHtml(javax.servlet.http.HttpServletRequest,javax.servlet.http.HttpServletResponse)
2017-11-05 01:11:02.113 [main] INFO  o.s.web.servlet.handler.SimpleUrlHandlerMapping - Mapped URL path [/webjars/**] onto handler of type [class org.springframework.web.servlet.resource.ResourceHttpRequestHandler]
2017-11-05 01:11:02.113 [main] INFO  o.s.web.servlet.handler.SimpleUrlHandlerMapping - Mapped URL path [/**] onto handler of type [class org.springframework.web.servlet.resource.ResourceHttpRequestHandler]
2017-11-05 01:11:02.151 [main] INFO  o.s.web.servlet.handler.SimpleUrlHandlerMapping - Mapped URL path [/**/favicon.ico] onto handler of type [class org.springframework.web.servlet.resource.ResourceHttpRequestHandler]
2017-11-05 01:11:02.186 [main] WARN  o.s.b.a.t.AbstractTemplateResolverConfiguration - Cannot find template location: classpath:/templates/ (please add some templates or check your Thymeleaf configuration)
2017-11-05 01:11:02.838 [main] INFO  o.s.context.support.DefaultLifecycleProcessor - Starting beans in phase 2147483647
2017-11-05 01:11:02.847 [main] INFO  com.zhancl.ProductServiceTest - Started ProductServiceTest in 5.289 seconds (JVM running for 6.219)
2017-11-05 01:11:02.894 [main] INFO  com.zhancl.ProductServiceTest - redis缓存开始：张三
2017-11-05 01:11:02.987 [main] INFO  com.zhancl.ProductServiceTest - 缓存中的名字为：张三
2017-11-05 01:11:02.991 [Thread-5] INFO  o.s.w.context.support.GenericWebApplicationContext - Closing org.springframework.web.context.support.GenericWebApplicationContext@6404f418: startup date [Sun Nov 05 01:10:58 CST 2017]; root of context hierarchy
2017-11-05 01:11:02.994 [Thread-5] INFO  o.s.context.support.DefaultLifecycleProcessor - Stopping beans in phase 2147483647
2017-11-05 01:11:02.999 [Thread-5] INFO  o.s.orm.jpa.LocalContainerEntityManagerFactoryBean - Closing JPA EntityManagerFactory for persistence unit 'default'
